# Daily Activity Log
# This file is automatically updated by GitHub Actions once per day

2025-12-19 10:50:08 UTC
2025-12-20 00:40:59 UTC
2025-12-21 00:47:46 UTC

2025-12-21 20:20:42 UTC - Code maintenance - Commit 1/7
2025-12-21 20:23:14 UTC - Code refactoring - Commit 1/8
2025-12-21 20:23:22 UTC - Documentation update - Commit 1/8
2025-12-21 20:25:18 UTC - Testing improvements - Commit 1/10
2025-12-21 20:27:00 UTC - Documentation update - Commit 2/10

2025-12-21 15:09:49 UTC - Code refactoring - Commit 1/2

2025-12-21 15:10:24 UTC - Daily activity update - Commit 2/2

2025-12-21 18:21:03 UTC - Daily activity update - Commit 1/1

2025-12-21 22:21:23 UTC - Project progress - Commit 1/2

2025-12-21 22:22:40 UTC - Feature development - Commit 2/2

2025-12-22 03:23:25 UTC - Project progress - Commit 1/2

2025-12-22 03:23:58 UTC - Code maintenance - Commit 2/2

2025-12-22 06:45:27 UTC - Code refactoring - Commit 1/2

2025-12-22 06:46:10 UTC - Feature development - Commit 2/2

2025-12-22 10:29:22 UTC - Project progress - Commit 1/1

2025-12-22 14:14:16 UTC - Documentation update - Commit 1/1

2025-12-22 18:23:16 UTC - Performance optimization - Commit 1/1

2025-12-22 22:22:53 UTC - Performance optimization - Commit 1/2

2025-12-22 22:23:33 UTC - Code refactoring - Commit 2/2

2025-12-23 03:18:22 UTC - Code refactoring - Commit 1/2

2025-12-23 03:19:42 UTC - Bug fixes - Commit 2/2

2025-12-23 06:44:27 UTC - Daily activity update - Commit 1/2

2025-12-23 06:45:42 UTC - Project progress - Commit 2/2

2025-12-23 10:30:24 UTC - Bug fixes - Commit 1/2

2025-12-23 10:31:50 UTC - Project progress - Commit 2/2

2025-12-23 14:14:05 UTC - Testing improvements - Commit 1/1

2025-12-23 18:23:20 UTC - Project progress - Commit 1/2

2025-12-23 18:24:35 UTC - Code refactoring - Commit 2/2

2025-12-23 22:21:39 UTC - Bug fixes - Commit 1/1

2025-12-24 03:15:55 UTC - Performance optimization - Commit 1/2

2025-12-24 03:16:47 UTC - Code refactoring - Commit 2/2

2025-12-24 03:29:34 UTC - Documentation update - Commit 1/2

2025-12-24 03:30:05 UTC - Feature development - Commit 2/2

2025-12-24 06:44:06 UTC - Project progress - Commit 1/1

2025-12-24 10:28:45 UTC - Feature development - Commit 1/1

2025-12-24 14:12:59 UTC - Project progress - Commit 1/1

2025-12-24 18:22:43 UTC - Documentation update - Commit 1/2

2025-12-24 18:23:38 UTC - Feature development - Commit 2/2

2025-12-24 22:22:09 UTC - Bug fixes - Commit 1/2

2025-12-24 22:23:02 UTC - Testing improvements - Commit 2/2

2025-12-25 03:18:39 UTC - Code review updates - Commit 1/2

2025-12-25 03:19:53 UTC - Code review updates - Commit 2/2

2025-12-25 06:42:48 UTC - Feature development - Commit 1/1

2025-12-25 10:28:56 UTC - Project progress - Commit 1/2

2025-12-25 10:30:00 UTC - Testing improvements - Commit 2/2

2025-12-25 14:13:05 UTC - Project progress - Commit 1/1

2025-12-25 18:22:12 UTC - Code review updates - Commit 1/1

2025-12-25 22:21:42 UTC - Code maintenance - Commit 1/2

2025-12-25 22:22:32 UTC - Performance optimization - Commit 2/2

2025-12-26 03:16:32 UTC - Performance optimization - Commit 1/1

2025-12-26 06:42:03 UTC - Project progress - Commit 1/2

2025-12-26 06:43:05 UTC - Testing improvements - Commit 2/2

2025-12-26 10:28:34 UTC - Testing improvements - Commit 1/2

2025-12-26 10:29:42 UTC - Project progress - Commit 2/2

2025-12-26 14:13:24 UTC - Documentation update - Commit 1/2

2025-12-26 14:14:44 UTC - Testing improvements - Commit 2/2

2025-12-26 18:22:40 UTC - Code review updates - Commit 1/2

2025-12-26 18:23:18 UTC - Daily activity update - Commit 2/2

2025-12-26 22:21:41 UTC - Feature development - Commit 1/2

2025-12-26 22:22:37 UTC - Code refactoring - Commit 2/2

2025-12-27 03:15:21 UTC - Daily activity update - Commit 1/2

2025-12-27 03:16:34 UTC - Feature development - Commit 2/2

2025-12-27 06:40:35 UTC - Daily activity update - Commit 1/1

2025-12-27 10:26:16 UTC - Code review updates - Commit 1/1

2025-12-27 14:11:42 UTC - Bug fixes - Commit 1/2

2025-12-27 14:13:05 UTC - Feature development - Commit 2/2

2025-12-27 18:21:10 UTC - Feature development - Commit 1/2

2025-12-27 18:21:43 UTC - Bug fixes - Commit 2/2

2025-12-27 22:21:07 UTC - Project progress - Commit 1/1

2025-12-28 03:28:09 UTC - Project progress - Commit 1/1

2025-12-28 06:40:48 UTC - Documentation update - Commit 1/1

2025-12-28 10:26:49 UTC - Code review updates - Commit 1/1

2025-12-28 14:12:27 UTC - Code refactoring - Commit 1/1

2025-12-28 18:22:03 UTC - Daily activity update - Commit 1/2

2025-12-28 18:22:59 UTC - Code refactoring - Commit 2/2

2025-12-28 22:21:54 UTC - Performance optimization - Commit 1/2

2025-12-28 22:23:13 UTC - Code review updates - Commit 2/2

2025-12-29 03:28:38 UTC - Code refactoring - Commit 1/2

2025-12-29 03:29:12 UTC - Performance optimization - Commit 2/2

2025-12-29 06:47:01 UTC - Project progress - Commit 1/2

2025-12-29 06:47:54 UTC - Code maintenance - Commit 2/2

2025-12-29 10:30:38 UTC - Project progress - Commit 1/2

2025-12-29 10:31:20 UTC - Performance optimization - Commit 2/2

2025-12-29 14:14:47 UTC - Code review updates - Commit 1/2

2025-12-29 14:15:19 UTC - Code refactoring - Commit 2/2

2025-12-29 18:23:38 UTC - Code maintenance - Commit 1/1

2025-12-29 22:22:20 UTC - Documentation update - Commit 1/1

2025-12-30 03:19:43 UTC - Code maintenance - Commit 1/1

2025-12-30 06:42:39 UTC - Daily activity update - Commit 1/1

2025-12-30 10:30:19 UTC - Project progress - Commit 1/2

2025-12-30 10:31:21 UTC - Code refactoring - Commit 2/2

2025-12-30 14:14:07 UTC - Project progress - Commit 1/2

2025-12-30 14:15:07 UTC - Code refactoring - Commit 2/2

2025-12-30 18:23:55 UTC - Performance optimization - Commit 1/1

2025-12-30 22:22:13 UTC - Performance optimization - Commit 1/2

2025-12-30 22:22:49 UTC - Performance optimization - Commit 2/2

2025-12-31 03:18:30 UTC - Documentation update - Commit 1/1

2025-12-31 06:44:10 UTC - Documentation update - Commit 1/2

2025-12-31 06:45:34 UTC - Daily activity update - Commit 2/2

2025-12-31 10:28:27 UTC - Code review updates - Commit 1/2

2025-12-31 10:28:58 UTC - Daily activity update - Commit 2/2

2025-12-31 14:13:27 UTC - Feature development - Commit 1/2

2025-12-31 14:14:46 UTC - Project progress - Commit 2/2

2025-12-31 18:22:48 UTC - Code maintenance - Commit 1/2

2025-12-31 18:24:08 UTC - Code refactoring - Commit 2/2

2025-12-31 22:22:50 UTC - Project progress - Commit 1/1

2026-01-01 03:29:41 UTC - Documentation update - Commit 1/2

2026-01-01 03:30:19 UTC - Daily activity update - Commit 2/2

2026-01-01 06:43:58 UTC - Code review updates - Commit 1/2

2026-01-01 06:45:24 UTC - Testing improvements - Commit 2/2

2026-01-01 10:29:12 UTC - Documentation update - Commit 1/1

2026-01-01 14:12:56 UTC - Daily activity update - Commit 1/1

2026-01-01 18:23:00 UTC - Documentation update - Commit 1/2

2026-01-01 18:23:33 UTC - Testing improvements - Commit 2/2

2026-01-01 22:22:31 UTC - Code maintenance - Commit 1/1

2026-01-02 03:21:58 UTC - Code maintenance - Commit 1/1

2026-01-02 06:44:18 UTC - Code maintenance - Commit 1/1

2026-01-02 10:28:26 UTC - Project progress - Commit 1/2

2026-01-02 10:29:50 UTC - Documentation update - Commit 2/2

2026-01-02 14:13:45 UTC - Documentation update - Commit 1/2

2026-01-02 14:15:13 UTC - Feature development - Commit 2/2

2026-01-02 18:22:53 UTC - Project progress - Commit 1/2

2026-01-02 18:23:29 UTC - Daily activity update - Commit 2/2

2026-01-02 22:22:39 UTC - Bug fixes - Commit 1/2

2026-01-02 22:23:22 UTC - Code refactoring - Commit 2/2

2026-01-03 03:14:36 UTC - Code review updates - Commit 1/1

2026-01-03 06:40:49 UTC - Bug fixes - Commit 1/2

2026-01-03 06:42:14 UTC - Documentation update - Commit 2/2

2026-01-03 10:27:15 UTC - Code review updates - Commit 1/2

2026-01-03 10:28:01 UTC - Code maintenance - Commit 2/2

2026-01-03 14:12:31 UTC - Code refactoring - Commit 1/2

2026-01-03 14:13:25 UTC - Bug fixes - Commit 2/2

2026-01-03 18:21:25 UTC - Code maintenance - Commit 1/2

2026-01-03 18:22:36 UTC - Documentation update - Commit 2/2

2026-01-03 22:21:34 UTC - Bug fixes - Commit 1/2

2026-01-03 22:22:23 UTC - Daily activity update - Commit 2/2

2026-01-04 03:40:56 UTC - Code maintenance - Commit 1/1

2026-01-04 06:41:24 UTC - Project progress - Commit 1/2

2026-01-04 06:42:44 UTC - Performance optimization - Commit 2/2

2026-01-04 10:26:55 UTC - Code refactoring - Commit 1/2

2026-01-04 10:27:43 UTC - Feature development - Commit 2/2

2026-01-04 14:11:49 UTC - Project progress - Commit 1/1

2026-01-04 18:21:33 UTC - Bug fixes - Commit 1/2

2026-01-04 18:22:05 UTC - Testing improvements - Commit 2/2

2026-01-04 22:22:06 UTC - Testing improvements - Commit 1/2

2026-01-04 22:23:35 UTC - Project progress - Commit 2/2

2026-01-05 03:45:11 UTC - Documentation update - Commit 1/1

2026-01-05 06:50:54 UTC - Project progress - Commit 1/2

2026-01-05 06:51:38 UTC - Code review updates - Commit 2/2

2026-01-05 10:33:02 UTC - Performance optimization - Commit 1/1

2026-01-05 14:17:40 UTC - Performance optimization - Commit 1/2

2026-01-05 14:19:03 UTC - Bug fixes - Commit 2/2

2026-01-05 18:25:00 UTC - Daily activity update - Commit 1/2

2026-01-05 18:25:40 UTC - Code review updates - Commit 2/2

2026-01-05 22:23:20 UTC - Code refactoring - Commit 1/1

2026-01-06 03:20:53 UTC - Code maintenance - Commit 1/2

2026-01-06 03:21:37 UTC - Code review updates - Commit 2/2

2026-01-06 06:46:07 UTC - Testing improvements - Commit 1/1

2026-01-06 10:30:49 UTC - Code refactoring - Commit 1/1

2026-01-06 14:15:44 UTC - Code refactoring - Commit 1/1

2026-01-06 18:23:45 UTC - Code refactoring - Commit 1/2

2026-01-06 18:24:35 UTC - Daily activity update - Commit 2/2

2026-01-06 22:23:59 UTC - Code review updates - Commit 1/2

2026-01-06 22:24:45 UTC - Feature development - Commit 2/2

2026-01-07 03:20:48 UTC - Daily activity update - Commit 1/1

2026-01-07 06:45:11 UTC - Performance optimization - Commit 1/2

2026-01-07 06:46:09 UTC - Project progress - Commit 2/2

2026-01-07 10:31:23 UTC - Documentation update - Commit 1/2

2026-01-07 10:31:53 UTC - Daily activity update - Commit 2/2

2026-01-07 14:17:21 UTC - Code refactoring - Commit 1/1

2026-01-07 18:24:47 UTC - Code refactoring - Commit 1/2

2026-01-07 18:25:50 UTC - Code refactoring - Commit 2/2

2026-01-07 22:23:03 UTC - Project progress - Commit 1/2

2026-01-07 22:24:32 UTC - Performance optimization - Commit 2/2

2026-01-08 03:21:08 UTC - Bug fixes - Commit 1/2

2026-01-08 03:22:30 UTC - Testing improvements - Commit 2/2

2026-01-08 06:45:33 UTC - Daily activity update - Commit 1/2

2026-01-08 06:46:54 UTC - Documentation update - Commit 2/2

2026-01-08 10:31:58 UTC - Project progress - Commit 1/1

2026-01-08 14:18:28 UTC - Code review updates - Commit 1/2

2026-01-08 14:19:45 UTC - Daily activity update - Commit 2/2

2026-01-08 18:21:25 UTC - Feature development - Commit 1/1

2026-01-08 22:23:46 UTC - Daily activity update - Commit 1/2

2026-01-08 22:24:29 UTC - Bug fixes - Commit 2/2

2026-01-09 03:21:52 UTC - Testing improvements - Commit 1/1

2026-01-09 06:45:42 UTC - Project progress - Commit 1/1

2026-01-09 10:30:19 UTC - Daily activity update - Commit 1/2

2026-01-09 10:31:25 UTC - Code refactoring - Commit 2/2

2026-01-09 14:17:11 UTC - Documentation update - Commit 1/1

2026-01-09 18:24:40 UTC - Code review updates - Commit 1/2

2026-01-09 18:25:27 UTC - Documentation update - Commit 2/2

2026-01-09 22:23:54 UTC - Testing improvements - Commit 1/2

2026-01-09 22:24:53 UTC - Daily activity update - Commit 2/2

2026-01-10 03:16:03 UTC - Documentation update - Commit 1/2

2026-01-10 03:17:11 UTC - Daily activity update - Commit 2/2

2026-01-10 06:39:56 UTC - Code review updates - Commit 1/1

2026-01-10 10:26:52 UTC - Bug fixes - Commit 1/1

2026-01-10 14:12:31 UTC - Feature development - Commit 1/2

2026-01-10 14:13:25 UTC - Performance optimization - Commit 2/2

2026-01-10 18:22:06 UTC - Documentation update - Commit 1/1

2026-01-10 22:22:01 UTC - Documentation update - Commit 1/1

2026-01-11 03:30:25 UTC - Bug fixes - Commit 1/2

2026-01-11 03:31:28 UTC - Code refactoring - Commit 2/2

2026-01-11 06:41:35 UTC - Documentation update - Commit 1/1

2026-01-11 10:27:33 UTC - Project progress - Commit 1/1

2026-01-11 14:12:18 UTC - Code review updates - Commit 1/2

2026-01-11 14:13:33 UTC - Documentation update - Commit 2/2

2026-01-11 18:22:03 UTC - Daily activity update - Commit 1/1

2026-01-11 22:22:03 UTC - Project progress - Commit 1/1

2026-01-12 03:28:20 UTC - Daily activity update - Commit 1/2

2026-01-12 03:29:14 UTC - Code refactoring - Commit 2/2

2026-01-12 06:49:13 UTC - Code maintenance - Commit 1/1

2026-01-12 10:32:51 UTC - Feature development - Commit 1/1

2026-01-12 14:18:17 UTC - Code review updates - Commit 1/1

2026-01-12 18:25:06 UTC - Code maintenance - Commit 1/2

2026-01-12 18:25:41 UTC - Project progress - Commit 2/2

2026-01-12 22:21:20 UTC - Bug fixes - Commit 1/1

2026-01-13 03:19:56 UTC - Documentation update - Commit 1/2

2026-01-13 03:20:34 UTC - Daily activity update - Commit 2/2

2026-01-13 06:45:26 UTC - Project progress - Commit 1/2

2026-01-13 06:46:05 UTC - Code refactoring - Commit 2/2

2026-01-13 10:31:31 UTC - Bug fixes - Commit 1/1

2026-01-13 14:18:37 UTC - Code review updates - Commit 1/2

2026-01-13 14:19:40 UTC - Bug fixes - Commit 2/2

2026-01-13 18:25:08 UTC - Code maintenance - Commit 1/2

2026-01-13 18:26:16 UTC - Documentation update - Commit 2/2

2026-01-13 22:25:10 UTC - Bug fixes - Commit 1/2

2026-01-13 22:26:25 UTC - Project progress - Commit 2/2

2026-01-14 03:27:34 UTC - Daily activity update - Commit 1/2

2026-01-14 03:28:57 UTC - Code maintenance - Commit 2/2

2026-01-14 06:45:06 UTC - Feature development - Commit 1/1

2026-01-14 10:32:33 UTC - Feature development - Commit 1/1

2026-01-14 14:18:31 UTC - Daily activity update - Commit 1/1

2026-01-14 18:26:27 UTC - Code refactoring - Commit 1/2

2026-01-14 18:27:00 UTC - Code review updates - Commit 2/2

2026-01-14 22:25:23 UTC - Project progress - Commit 1/2

2026-01-14 22:26:04 UTC - Code refactoring - Commit 2/2

2026-01-15 03:22:11 UTC - Performance optimization - Commit 1/2

2026-01-15 03:23:19 UTC - Project progress - Commit 2/2

2026-01-15 06:45:05 UTC - Performance optimization - Commit 1/2

2026-01-15 06:46:09 UTC - Bug fixes - Commit 2/2

2026-01-15 10:31:42 UTC - Code maintenance - Commit 1/1

2026-01-15 14:17:54 UTC - Code review updates - Commit 1/1

2026-01-15 18:29:20 UTC - Code review updates - Commit 1/1

2026-01-15 22:24:45 UTC - Code refactoring - Commit 1/1

2026-01-16 03:21:25 UTC - Daily activity update - Commit 1/1

2026-01-16 06:44:52 UTC - Documentation update - Commit 1/2

2026-01-16 06:46:16 UTC - Code refactoring - Commit 2/2

2026-01-16 10:31:44 UTC - Code review updates - Commit 1/1

2026-01-16 14:16:52 UTC - Feature development - Commit 1/2

2026-01-16 14:18:14 UTC - Documentation update - Commit 2/2

2026-01-16 18:25:08 UTC - Performance optimization - Commit 1/1

2026-01-16 22:23:47 UTC - Feature development - Commit 1/2

2026-01-16 22:25:12 UTC - Code refactoring - Commit 2/2

2026-01-17 03:14:39 UTC - Code review updates - Commit 1/1

2026-01-17 06:40:10 UTC - Feature development - Commit 1/2

2026-01-17 06:41:08 UTC - Project progress - Commit 2/2

2026-01-17 10:26:43 UTC - Feature development - Commit 1/2

2026-01-17 10:27:16 UTC - Performance optimization - Commit 2/2

2026-01-17 14:12:18 UTC - Code maintenance - Commit 1/2

2026-01-17 14:13:06 UTC - Performance optimization - Commit 2/2

2026-01-17 18:21:11 UTC - Performance optimization - Commit 1/2

2026-01-17 18:21:57 UTC - Project progress - Commit 2/2

2026-01-17 22:21:51 UTC - Testing improvements - Commit 1/1

2026-01-18 03:27:13 UTC - Feature development - Commit 1/1

2026-01-18 06:40:46 UTC - Bug fixes - Commit 1/1

2026-01-18 10:27:33 UTC - Performance optimization - Commit 1/2

2026-01-18 10:28:52 UTC - Code review updates - Commit 2/2

2026-01-18 14:11:52 UTC - Testing improvements - Commit 1/1

2026-01-18 18:21:08 UTC - Performance optimization - Commit 1/2

2026-01-18 18:22:32 UTC - Code maintenance - Commit 2/2

2026-01-18 22:21:54 UTC - Feature development - Commit 1/2

2026-01-18 22:23:02 UTC - Documentation update - Commit 2/2

2026-01-19 03:28:48 UTC - Code refactoring - Commit 1/1

2026-01-19 06:50:46 UTC - Code review updates - Commit 1/1

2026-01-19 10:36:13 UTC - Code review updates - Commit 1/1

2026-01-19 14:19:44 UTC - Code refactoring - Commit 1/2

2026-01-19 14:20:46 UTC - Performance optimization - Commit 2/2

2026-01-19 18:24:33 UTC - Feature development - Commit 1/2

2026-01-19 18:25:04 UTC - Performance optimization - Commit 2/2

2026-01-19 22:24:11 UTC - Feature development - Commit 1/1

2026-01-20 03:24:49 UTC - Documentation update - Commit 1/1

2026-01-20 06:49:12 UTC - Code maintenance - Commit 1/1

2026-01-20 10:35:35 UTC - Code review updates - Commit 1/2

2026-01-20 10:36:56 UTC - Project progress - Commit 2/2

2026-01-20 14:23:03 UTC - Testing improvements - Commit 1/2

2026-01-20 14:24:12 UTC - Performance optimization - Commit 2/2

2026-01-20 18:28:24 UTC - Documentation update - Commit 1/2

2026-01-20 18:29:23 UTC - Project progress - Commit 2/2

2026-01-20 22:25:24 UTC - Project progress - Commit 1/2

2026-01-20 22:26:25 UTC - Performance optimization - Commit 2/2

2026-01-21 03:24:17 UTC - Bug fixes - Commit 1/1

2026-01-21 06:49:29 UTC - Code review updates - Commit 1/2

2026-01-21 06:50:48 UTC - Project progress - Commit 2/2

2026-01-21 10:36:28 UTC - Code review updates - Commit 1/2

2026-01-21 10:37:40 UTC - Code maintenance - Commit 2/2

2026-01-21 14:22:22 UTC - Bug fixes - Commit 1/2

2026-01-21 14:23:48 UTC - Project progress - Commit 2/2

2026-01-21 18:35:24 UTC - Feature development - Commit 1/1

2026-01-21 22:27:50 UTC - Bug fixes - Commit 1/2

2026-01-21 22:29:03 UTC - Project progress - Commit 2/2

2026-01-22 03:28:06 UTC - Documentation update - Commit 1/2

2026-01-22 03:29:10 UTC - Code refactoring - Commit 2/2

2026-01-22 06:46:33 UTC - Project progress - Commit 1/1

2026-01-22 10:35:14 UTC - Documentation update - Commit 1/1

2026-01-22 14:23:27 UTC - Documentation update - Commit 1/2

2026-01-22 14:24:07 UTC - Code maintenance - Commit 2/2

2026-01-22 18:24:39 UTC - Code review updates - Commit 1/2

2026-01-22 18:25:41 UTC - Code review updates - Commit 2/2

2026-01-22 22:26:11 UTC - Bug fixes - Commit 1/1

2026-01-23 03:24:09 UTC - Code review updates - Commit 1/2

2026-01-23 03:24:39 UTC - Project progress - Commit 2/2

2026-01-23 06:46:51 UTC - Code review updates - Commit 1/2

2026-01-23 06:48:10 UTC - Testing improvements - Commit 2/2

2026-01-23 10:32:25 UTC - Code refactoring - Commit 1/1

2026-01-23 14:18:14 UTC - Code refactoring - Commit 1/1

2026-01-23 18:25:38 UTC - Code review updates - Commit 1/2

2026-01-23 18:27:07 UTC - Code review updates - Commit 2/2

2026-01-23 22:20:19 UTC - Documentation update - Commit 1/2

2026-01-23 22:21:48 UTC - Documentation update - Commit 2/2

2026-01-24 03:18:35 UTC - Code maintenance - Commit 1/1

2026-01-24 06:41:16 UTC - Testing improvements - Commit 1/2

2026-01-24 06:42:30 UTC - Code review updates - Commit 2/2

2026-01-24 10:27:59 UTC - Bug fixes - Commit 1/2

2026-01-24 10:29:12 UTC - Code maintenance - Commit 2/2

2026-01-24 14:12:47 UTC - Project progress - Commit 1/1

2026-01-24 18:22:42 UTC - Code maintenance - Commit 1/2

2026-01-24 18:23:38 UTC - Daily activity update - Commit 2/2

2026-01-24 22:21:46 UTC - Code review updates - Commit 1/1

2026-01-25 03:43:37 UTC - Testing improvements - Commit 1/2

2026-01-25 03:44:29 UTC - Bug fixes - Commit 2/2

2026-01-25 06:41:53 UTC - Testing improvements - Commit 1/1

2026-01-25 10:28:30 UTC - Daily activity update - Commit 1/2

2026-01-25 10:29:11 UTC - Documentation update - Commit 2/2

2026-01-25 14:12:35 UTC - Daily activity update - Commit 1/1

2026-01-25 18:22:25 UTC - Documentation update - Commit 1/2

2026-01-25 18:23:10 UTC - Code maintenance - Commit 2/2

2026-01-25 22:22:45 UTC - Code refactoring - Commit 1/1

2026-01-26 03:46:46 UTC - Testing improvements - Commit 1/2

2026-01-26 03:47:41 UTC - Code refactoring - Commit 2/2

2026-01-26 06:50:14 UTC - Bug fixes - Commit 1/1

2026-01-26 10:34:20 UTC - Performance optimization - Commit 1/2

2026-01-26 10:35:32 UTC - Feature development - Commit 2/2

2026-01-26 14:21:05 UTC - Bug fixes - Commit 1/1

2026-01-26 18:27:36 UTC - Feature development - Commit 1/1

2026-01-26 22:25:16 UTC - Bug fixes - Commit 1/2

2026-01-26 22:26:38 UTC - Daily activity update - Commit 2/2

2026-01-27 03:28:19 UTC - Testing improvements - Commit 1/1

2026-01-27 06:48:13 UTC - Project progress - Commit 1/1

2026-01-27 10:35:34 UTC - Feature development - Commit 1/1

2026-01-27 14:22:24 UTC - Project progress - Commit 1/1

2026-01-27 18:30:57 UTC - Bug fixes - Commit 1/2

2026-01-27 18:32:19 UTC - Documentation update - Commit 2/2

2026-01-27 22:25:19 UTC - Performance optimization - Commit 1/1

2026-01-28 03:26:21 UTC - Performance optimization - Commit 1/1

2026-01-28 06:48:44 UTC - Bug fixes - Commit 1/1

2026-01-28 10:35:46 UTC - Documentation update - Commit 1/1

2026-01-28 14:22:14 UTC - Code review updates - Commit 1/2

2026-01-28 14:23:15 UTC - Documentation update - Commit 2/2

2026-01-28 18:30:23 UTC - Testing improvements - Commit 1/1

2026-01-28 22:29:53 UTC - Testing improvements - Commit 1/1

2026-01-29 03:57:46 UTC - Performance optimization - Commit 1/2

2026-01-29 03:59:11 UTC - Documentation update - Commit 2/2

2026-01-29 06:59:07 UTC - Testing improvements - Commit 1/1

2026-01-29 10:44:40 UTC - Code refactoring - Commit 1/2

2026-01-29 10:45:22 UTC - Code refactoring - Commit 2/2

2026-01-29 14:33:24 UTC - Code maintenance - Commit 1/2

2026-01-29 14:34:45 UTC - Testing improvements - Commit 2/2

2026-01-29 18:36:24 UTC - Performance optimization - Commit 1/2

2026-01-29 18:37:30 UTC - Code review updates - Commit 2/2

2026-01-29 22:30:35 UTC - Code review updates - Commit 1/2

2026-01-29 22:31:45 UTC - Code refactoring - Commit 2/2

2026-01-30 03:57:25 UTC - Code maintenance - Commit 1/2

2026-01-30 03:58:30 UTC - Performance optimization - Commit 2/2

2026-01-30 07:00:12 UTC - Performance optimization - Commit 1/2

2026-01-30 07:01:21 UTC - Bug fixes - Commit 2/2

2026-01-30 10:41:42 UTC - Code refactoring - Commit 1/2

2026-01-30 10:43:02 UTC - Code refactoring - Commit 2/2

2026-01-30 14:28:51 UTC - Code refactoring - Commit 1/1

2026-01-30 18:34:09 UTC - Code maintenance - Commit 1/1

2026-01-30 22:28:34 UTC - Daily activity update - Commit 1/1

2026-01-31 03:54:49 UTC - Bug fixes - Commit 1/2

2026-01-31 03:55:41 UTC - Feature development - Commit 2/2

2026-01-31 06:51:25 UTC - Code review updates - Commit 1/2

2026-01-31 06:52:32 UTC - Code review updates - Commit 2/2

2026-01-31 10:31:49 UTC - Bug fixes - Commit 1/1

2026-01-31 14:16:59 UTC - Testing improvements - Commit 1/1

2026-01-31 18:24:30 UTC - Code review updates - Commit 1/1

2026-01-31 22:25:51 UTC - Feature development - Commit 1/2

2026-01-31 22:26:41 UTC - Code refactoring - Commit 2/2

2026-02-01 04:18:16 UTC - Code maintenance - Commit 1/2

2026-02-01 04:19:43 UTC - Testing improvements - Commit 2/2

2026-02-01 06:59:58 UTC - Bug fixes - Commit 1/1

2026-02-01 10:33:36 UTC - Code maintenance - Commit 1/1

2026-02-01 14:18:19 UTC - Code review updates - Commit 1/2

2026-02-01 14:19:11 UTC - Testing improvements - Commit 2/2

2026-02-01 18:26:46 UTC - Documentation update - Commit 1/1

2026-02-01 22:27:41 UTC - Code review updates - Commit 1/2

2026-02-01 22:28:28 UTC - Documentation update - Commit 2/2

2026-02-02 04:10:30 UTC - Code maintenance - Commit 1/2

2026-02-02 04:11:47 UTC - Performance optimization - Commit 2/2

2026-02-02 07:12:28 UTC - Code refactoring - Commit 1/1

2026-02-02 10:52:56 UTC - Project progress - Commit 1/2

2026-02-02 10:54:08 UTC - Documentation update - Commit 2/2

2026-02-02 14:36:14 UTC - Code refactoring - Commit 1/2

2026-02-02 14:37:40 UTC - Code review updates - Commit 2/2

2026-02-02 18:35:19 UTC - Code review updates - Commit 1/2

2026-02-02 18:36:17 UTC - Bug fixes - Commit 2/2

2026-02-03 04:03:22 UTC - Code maintenance - Commit 1/2

2026-02-03 04:04:26 UTC - Documentation update - Commit 2/2

2026-02-03 07:01:43 UTC - Project progress - Commit 1/1

2026-02-03 10:49:57 UTC - Project progress - Commit 1/1

2026-02-03 14:38:26 UTC - Testing improvements - Commit 1/1

2026-02-03 18:49:09 UTC - Bug fixes - Commit 1/1

2026-02-03 22:32:17 UTC - Documentation update - Commit 1/2

2026-02-03 22:33:08 UTC - Code review updates - Commit 2/2

2026-02-04 04:01:42 UTC - Daily activity update - Commit 1/2

2026-02-04 04:02:26 UTC - Documentation update - Commit 2/2

2026-02-04 07:03:11 UTC - Daily activity update - Commit 1/2

2026-02-04 07:03:57 UTC - Bug fixes - Commit 2/2

2026-02-04 10:48:43 UTC - Code review updates - Commit 1/1

2026-02-04 14:36:41 UTC - Daily activity update - Commit 1/2

2026-02-04 14:37:39 UTC - Project progress - Commit 2/2

2026-02-04 18:40:21 UTC - Performance optimization - Commit 1/2

2026-02-04 18:41:15 UTC - Performance optimization - Commit 2/2

2026-02-04 22:31:01 UTC - Code refactoring - Commit 1/1

2026-02-05 04:02:32 UTC - Project progress - Commit 1/2

2026-02-05 04:03:49 UTC - Project progress - Commit 2/2

2026-02-05 07:09:00 UTC - Performance optimization - Commit 1/1

2026-02-05 10:50:01 UTC - Daily activity update - Commit 1/2

2026-02-05 10:51:00 UTC - Performance optimization - Commit 2/2

2026-02-05 14:37:56 UTC - Testing improvements - Commit 1/1

2026-02-05 18:40:25 UTC - Bug fixes - Commit 1/1

2026-02-05 22:30:04 UTC - Code maintenance - Commit 1/2

2026-02-05 22:31:18 UTC - Bug fixes - Commit 2/2

2026-02-06 04:03:31 UTC - Code refactoring - Commit 1/2

2026-02-06 04:04:44 UTC - Documentation update - Commit 2/2

2026-02-06 07:03:56 UTC - Bug fixes - Commit 1/2

2026-02-06 07:04:48 UTC - Code refactoring - Commit 2/2

2026-02-06 10:49:15 UTC - Testing improvements - Commit 1/2

2026-02-06 10:49:53 UTC - Code review updates - Commit 2/2

2026-02-06 14:35:57 UTC - Code maintenance - Commit 1/2

2026-02-06 14:37:23 UTC - Testing improvements - Commit 2/2

2026-02-06 18:40:56 UTC - Feature development - Commit 1/2

2026-02-06 18:42:02 UTC - Project progress - Commit 2/2

2026-02-06 22:27:22 UTC - Feature development - Commit 1/2

2026-02-06 22:28:03 UTC - Code maintenance - Commit 2/2

2026-02-07 03:57:11 UTC - Performance optimization - Commit 1/2

2026-02-07 03:58:27 UTC - Code refactoring - Commit 2/2

2026-02-07 06:54:09 UTC - Code review updates - Commit 1/1

2026-02-07 10:33:40 UTC - Daily activity update - Commit 1/1

2026-02-07 14:17:57 UTC - Code refactoring - Commit 1/2

2026-02-07 14:19:01 UTC - Code refactoring - Commit 2/2

2026-02-07 18:27:11 UTC - Project progress - Commit 1/1

2026-02-07 22:29:11 UTC - Code refactoring - Commit 1/2

2026-02-07 22:29:54 UTC - Documentation update - Commit 2/2

2026-02-08 04:22:51 UTC - Daily activity update - Commit 1/2

2026-02-08 04:23:57 UTC - Bug fixes - Commit 2/2

2026-02-08 07:00:36 UTC - Daily activity update - Commit 1/1

2026-02-08 10:34:33 UTC - Code maintenance - Commit 1/1

2026-02-08 14:20:05 UTC - Daily activity update - Commit 1/2

2026-02-08 14:21:24 UTC - Testing improvements - Commit 2/2

2026-02-08 18:28:22 UTC - Code refactoring - Commit 1/2

2026-02-08 18:29:32 UTC - Daily activity update - Commit 2/2

2026-02-08 22:30:04 UTC - Code maintenance - Commit 1/2

2026-02-08 22:30:38 UTC - Documentation update - Commit 2/2

2026-02-09 04:13:14 UTC - Bug fixes - Commit 1/1

2026-02-09 10:59:49 UTC - Bug fixes - Commit 1/1

2026-02-09 14:45:35 UTC - Documentation update - Commit 1/1

2026-02-09 18:51:26 UTC - Project progress - Commit 1/1

2026-02-09 22:38:53 UTC - Code refactoring - Commit 1/2

2026-02-09 22:40:14 UTC - Code refactoring - Commit 2/2

2026-02-10 04:21:29 UTC - Documentation update - Commit 1/2

2026-02-10 04:22:19 UTC - Daily activity update - Commit 2/2

2026-02-10 07:16:17 UTC - Feature development - Commit 1/1

2026-02-10 10:59:35 UTC - Bug fixes - Commit 1/1

2026-02-10 14:52:21 UTC - Documentation update - Commit 1/1

2026-02-10 18:59:02 UTC - Feature development - Commit 1/1

2026-02-10 22:42:29 UTC - Performance optimization - Commit 1/1

2026-02-11 04:18:01 UTC - Daily activity update - Commit 1/2

2026-02-11 04:19:07 UTC - Code refactoring - Commit 2/2

2026-02-11 07:13:21 UTC - Project progress - Commit 1/2

2026-02-11 07:14:35 UTC - Bug fixes - Commit 2/2

2026-02-11 10:56:49 UTC - Testing improvements - Commit 1/2

2026-02-11 10:58:09 UTC - Testing improvements - Commit 2/2

2026-02-11 14:47:11 UTC - Performance optimization - Commit 1/1

2026-02-11 18:55:12 UTC - Documentation update - Commit 1/1

2026-02-11 22:31:59 UTC - Documentation update - Commit 1/2

2026-02-11 22:33:28 UTC - Project progress - Commit 2/2

2026-02-12 04:11:19 UTC - Feature development - Commit 1/1

2026-02-12 07:12:16 UTC - Code maintenance - Commit 1/2

2026-02-12 07:13:33 UTC - Daily activity update - Commit 2/2

2026-02-12 10:54:23 UTC - Performance optimization - Commit 1/2

2026-02-12 10:55:04 UTC - Documentation update - Commit 2/2

2026-02-12 14:42:18 UTC - Code maintenance - Commit 1/2

2026-02-12 14:43:41 UTC - Code maintenance - Commit 2/2

2026-02-12 18:55:52 UTC - Documentation update - Commit 1/2

2026-02-12 18:56:50 UTC - Testing improvements - Commit 2/2

2026-02-12 22:34:57 UTC - Code maintenance - Commit 1/1

2026-02-13 04:08:14 UTC - Daily activity update - Commit 1/2

2026-02-13 04:09:20 UTC - Code maintenance - Commit 2/2

2026-02-13 07:08:52 UTC - Code maintenance - Commit 1/1

2026-02-13 10:49:25 UTC - Daily activity update - Commit 1/2

2026-02-13 10:50:04 UTC - Project progress - Commit 2/2

2026-02-13 14:36:12 UTC - Bug fixes - Commit 1/2

2026-02-13 14:36:57 UTC - Daily activity update - Commit 2/2

2026-02-13 18:38:48 UTC - Performance optimization - Commit 1/2

2026-02-13 18:39:24 UTC - Bug fixes - Commit 2/2

2026-02-13 22:35:47 UTC - Bug fixes - Commit 1/2

2026-02-13 22:36:44 UTC - Bug fixes - Commit 2/2

2026-02-14 03:58:19 UTC - Project progress - Commit 1/1

2026-02-14 06:57:00 UTC - Code review updates - Commit 1/1

2026-02-14 10:33:58 UTC - Code refactoring - Commit 1/2

2026-02-14 10:35:13 UTC - Daily activity update - Commit 2/2

2026-02-14 14:19:03 UTC - Documentation update - Commit 1/1

2026-02-14 18:26:37 UTC - Code refactoring - Commit 1/2

2026-02-14 18:27:23 UTC - Code refactoring - Commit 2/2

2026-02-14 22:27:03 UTC - Code refactoring - Commit 1/1

2026-02-15 04:09:27 UTC - Bug fixes - Commit 1/2

2026-02-15 04:10:07 UTC - Daily activity update - Commit 2/2

2026-02-15 06:59:39 UTC - Bug fixes - Commit 1/2

2026-02-15 07:00:22 UTC - Documentation update - Commit 2/2

2026-02-15 10:33:57 UTC - Project progress - Commit 1/2

2026-02-15 10:34:44 UTC - Feature development - Commit 2/2

2026-02-15 14:19:35 UTC - Feature development - Commit 1/1

2026-02-15 18:27:48 UTC - Performance optimization - Commit 1/1

2026-02-15 22:27:29 UTC - Code maintenance - Commit 1/2

2026-02-15 22:28:21 UTC - Feature development - Commit 2/2

2026-02-16 04:10:52 UTC - Project progress - Commit 1/1

2026-02-16 07:15:13 UTC - Documentation update - Commit 1/1

2026-02-16 10:55:27 UTC - Feature development - Commit 1/1

2026-02-16 14:36:34 UTC - Testing improvements - Commit 1/2

2026-02-16 14:37:04 UTC - Testing improvements - Commit 2/2

2026-02-16 18:35:53 UTC - Code maintenance - Commit 1/1

2026-02-16 22:31:44 UTC - Project progress - Commit 1/2

2026-02-16 22:33:09 UTC - Feature development - Commit 2/2

2026-02-17 04:06:11 UTC - Code refactoring - Commit 1/2

2026-02-17 04:07:02 UTC - Performance optimization - Commit 2/2

2026-02-17 07:08:48 UTC - Project progress - Commit 1/2

2026-02-17 07:09:23 UTC - Code review updates - Commit 2/2

2026-02-17 10:53:51 UTC - Code review updates - Commit 1/1

2026-02-17 14:39:33 UTC - Bug fixes - Commit 1/2

2026-02-17 14:40:39 UTC - Testing improvements - Commit 2/2

2026-02-17 18:50:20 UTC - Testing improvements - Commit 1/1

2026-02-17 22:34:26 UTC - Code refactoring - Commit 1/2

2026-02-17 22:35:00 UTC - Code refactoring - Commit 2/2

2026-02-18 04:08:12 UTC - Bug fixes - Commit 1/1

2026-02-18 07:10:47 UTC - Project progress - Commit 1/1

2026-02-18 10:53:39 UTC - Performance optimization - Commit 1/1

2026-02-18 14:38:56 UTC - Testing improvements - Commit 1/1

2026-02-18 18:44:19 UTC - Performance optimization - Commit 1/1

2026-02-18 22:36:01 UTC - Code refactoring - Commit 1/2

2026-02-18 22:36:48 UTC - Code refactoring - Commit 2/2

2026-02-19 04:07:09 UTC - Code maintenance - Commit 1/1

2026-02-19 07:09:58 UTC - Code review updates - Commit 1/2

2026-02-19 07:10:56 UTC - Documentation update - Commit 2/2

2026-02-19 10:52:39 UTC - Testing improvements - Commit 1/1

2026-02-19 14:41:46 UTC - Code maintenance - Commit 1/1

2026-02-19 18:43:10 UTC - Testing improvements - Commit 1/2

2026-02-19 18:44:04 UTC - Performance optimization - Commit 2/2

2026-02-19 22:34:42 UTC - Code review updates - Commit 1/2

2026-02-19 22:35:19 UTC - Project progress - Commit 2/2

2026-02-20 04:03:06 UTC - Feature development - Commit 1/2

2026-02-20 04:04:32 UTC - Code review updates - Commit 2/2

2026-02-20 07:06:11 UTC - Performance optimization - Commit 1/2

2026-02-20 07:07:08 UTC - Code review updates - Commit 2/2

2026-02-20 10:45:25 UTC - Feature development - Commit 1/2

2026-02-20 10:45:57 UTC - Performance optimization - Commit 2/2

2026-02-20 14:34:54 UTC - Code refactoring - Commit 1/2

2026-02-20 14:35:38 UTC - Code refactoring - Commit 2/2

2026-02-20 18:37:49 UTC - Testing improvements - Commit 1/1

2026-02-20 22:28:58 UTC - Bug fixes - Commit 1/1

2026-02-21 03:55:01 UTC - Project progress - Commit 1/2

2026-02-21 03:56:01 UTC - Code maintenance - Commit 2/2

2026-02-21 06:53:56 UTC - Bug fixes - Commit 1/2

2026-02-21 06:54:31 UTC - Code maintenance - Commit 2/2

2026-02-21 10:33:46 UTC - Testing improvements - Commit 1/2

2026-02-21 10:34:23 UTC - Code maintenance - Commit 2/2

2026-02-21 14:18:17 UTC - Documentation update - Commit 1/1

2026-02-21 18:26:22 UTC - Project progress - Commit 1/1

2026-02-21 22:27:23 UTC - Project progress - Commit 1/1

2026-02-22 04:04:24 UTC - Project progress - Commit 1/1

2026-02-22 06:58:03 UTC - Documentation update - Commit 1/2

2026-02-22 06:59:00 UTC - Project progress - Commit 2/2

2026-02-22 10:32:26 UTC - Code maintenance - Commit 1/1

2026-02-22 14:18:57 UTC - Code review updates - Commit 1/2

2026-02-22 14:20:18 UTC - Code refactoring - Commit 2/2

2026-02-22 18:27:55 UTC - Code maintenance - Commit 1/1

2026-02-22 22:27:15 UTC - Performance optimization - Commit 1/1

2026-02-23 04:10:12 UTC - Code maintenance - Commit 1/2

2026-02-23 04:11:28 UTC - Feature development - Commit 2/2

2026-02-23 07:16:05 UTC - Code refactoring - Commit 1/2

2026-02-23 07:16:51 UTC - Feature development - Commit 2/2

2026-02-23 10:55:19 UTC - Documentation update - Commit 1/2

2026-02-23 10:56:28 UTC - Testing improvements - Commit 2/2

2026-02-23 14:40:48 UTC - Testing improvements - Commit 1/2

2026-02-23 14:42:10 UTC - Performance optimization - Commit 2/2

2026-02-23 18:55:23 UTC - Bug fixes - Commit 1/1

2026-02-23 22:43:14 UTC - Testing improvements - Commit 1/1

2026-02-24 04:05:48 UTC - Testing improvements - Commit 1/1

2026-02-24 07:10:21 UTC - Code review updates - Commit 1/2

2026-02-24 07:11:10 UTC - Performance optimization - Commit 2/2

2026-02-24 10:55:12 UTC - Performance optimization - Commit 1/2

2026-02-24 10:56:03 UTC - Performance optimization - Commit 2/2

2026-02-24 14:43:54 UTC - Testing improvements - Commit 1/1

2026-02-24 18:54:10 UTC - Feature development - Commit 1/1

2026-02-24 22:36:05 UTC - Code refactoring - Commit 1/2

2026-02-24 22:36:39 UTC - Testing improvements - Commit 2/2

2026-02-25 04:07:42 UTC - Testing improvements - Commit 1/1

2026-02-25 07:11:14 UTC - Project progress - Commit 1/2

2026-02-25 07:12:39 UTC - Daily activity update - Commit 2/2

2026-02-25 10:56:00 UTC - Performance optimization - Commit 1/2

2026-02-25 10:56:37 UTC - Feature development - Commit 2/2

2026-02-25 14:42:50 UTC - Code maintenance - Commit 1/1

2026-02-25 18:57:51 UTC - Bug fixes - Commit 1/2

2026-02-25 18:58:44 UTC - Bug fixes - Commit 2/2

2026-02-25 22:36:19 UTC - Performance optimization - Commit 1/2

2026-02-25 22:37:23 UTC - Daily activity update - Commit 2/2

2026-02-26 04:04:20 UTC - Bug fixes - Commit 1/1

2026-02-26 07:09:59 UTC - Code maintenance - Commit 1/1

2026-02-26 10:54:12 UTC - Testing improvements - Commit 1/1

2026-02-26 14:41:14 UTC - Code review updates - Commit 1/2

2026-02-26 14:42:30 UTC - Code maintenance - Commit 2/2

2026-02-26 18:43:43 UTC - Documentation update - Commit 1/2

2026-02-26 18:44:34 UTC - Bug fixes - Commit 2/2

2026-02-26 22:36:21 UTC - Testing improvements - Commit 1/1

2026-02-27 04:00:47 UTC - Feature development - Commit 1/2

2026-02-27 04:02:08 UTC - Testing improvements - Commit 2/2

2026-02-27 07:03:53 UTC - Project progress - Commit 1/2

2026-02-27 07:04:27 UTC - Daily activity update - Commit 2/2

2026-02-27 10:46:31 UTC - Code maintenance - Commit 1/2

2026-02-27 10:47:53 UTC - Code review updates - Commit 2/2

2026-02-27 14:34:10 UTC - Documentation update - Commit 1/2

2026-02-27 14:34:58 UTC - Bug fixes - Commit 2/2

2026-02-27 18:34:10 UTC - Daily activity update - Commit 1/1

2026-02-27 22:26:08 UTC - Daily activity update - Commit 1/2

2026-02-27 22:26:58 UTC - Documentation update - Commit 2/2

2026-02-28 03:43:59 UTC - Project progress - Commit 1/2

2026-02-28 03:45:16 UTC - Feature development - Commit 2/2

2026-02-28 06:50:28 UTC - Performance optimization - Commit 1/2

2026-02-28 06:51:25 UTC - Code review updates - Commit 2/2

2026-02-28 10:30:05 UTC - Code maintenance - Commit 1/1

2026-02-28 14:15:06 UTC - Bug fixes - Commit 1/2

2026-02-28 14:16:30 UTC - Project progress - Commit 2/2

2026-02-28 18:25:18 UTC - Code refactoring - Commit 1/1

2026-02-28 22:25:43 UTC - Testing improvements - Commit 1/2

2026-02-28 22:26:20 UTC - Testing improvements - Commit 2/2

2026-03-01 04:10:15 UTC - Feature development - Commit 1/2

2026-03-01 04:11:35 UTC - Performance optimization - Commit 2/2

2026-03-01 06:56:17 UTC - Documentation update - Commit 1/2

2026-03-01 06:57:35 UTC - Code review updates - Commit 2/2

2026-03-01 10:31:41 UTC - Performance optimization - Commit 1/2

2026-03-01 10:33:07 UTC - Daily activity update - Commit 2/2

2026-03-01 14:17:11 UTC - Documentation update - Commit 1/1

2026-03-01 18:25:49 UTC - Code maintenance - Commit 1/2

2026-03-01 18:27:13 UTC - Code refactoring - Commit 2/2

2026-03-01 22:26:59 UTC - Code refactoring - Commit 1/2

2026-03-01 22:27:30 UTC - Testing improvements - Commit 2/2

2026-03-02 04:01:02 UTC - Testing improvements - Commit 1/1

2026-03-02 07:08:29 UTC - Project progress - Commit 1/1

2026-03-02 10:50:57 UTC - Performance optimization - Commit 1/1

2026-03-02 14:37:51 UTC - Testing improvements - Commit 1/1

2026-03-02 18:38:17 UTC - Documentation update - Commit 1/2

2026-03-02 18:39:03 UTC - Testing improvements - Commit 2/2

2026-03-02 22:29:41 UTC - Code review updates - Commit 1/1

2026-03-03 04:02:30 UTC - Project progress - Commit 1/1

2026-03-03 07:02:30 UTC - Performance optimization - Commit 1/1

2026-03-03 10:49:55 UTC - Daily activity update - Commit 1/1

2026-03-03 14:38:00 UTC - Code review updates - Commit 1/1

2026-03-03 18:39:37 UTC - Code review updates - Commit 1/1

2026-03-03 22:32:22 UTC - Code review updates - Commit 1/1

2026-03-04 03:56:17 UTC - Project progress - Commit 1/1

2026-03-04 06:59:17 UTC - Feature development - Commit 1/2

2026-03-04 07:00:06 UTC - Project progress - Commit 2/2

2026-03-04 10:44:18 UTC - Code review updates - Commit 1/2

2026-03-04 10:45:29 UTC - Performance optimization - Commit 2/2

2026-03-04 14:32:48 UTC - Testing improvements - Commit 1/1

2026-03-04 18:39:46 UTC - Testing improvements - Commit 1/1

2026-03-04 22:34:18 UTC - Performance optimization - Commit 1/2

2026-03-04 22:35:12 UTC - Daily activity update - Commit 2/2

2026-03-05 04:00:14 UTC - Feature development - Commit 1/1

2026-03-05 07:02:51 UTC - Code refactoring - Commit 1/1

2026-03-05 10:50:06 UTC - Bug fixes - Commit 1/2

2026-03-05 10:50:37 UTC - Code maintenance - Commit 2/2

2026-03-05 14:39:47 UTC - Bug fixes - Commit 1/1

2026-03-05 19:11:36 UTC - Testing improvements - Commit 1/1

2026-03-05 22:34:19 UTC - Documentation update - Commit 1/2

2026-03-05 22:35:38 UTC - Code review updates - Commit 2/2

2026-03-06 03:57:16 UTC - Bug fixes - Commit 1/2

2026-03-06 03:58:31 UTC - Project progress - Commit 2/2

2026-03-06 07:00:37 UTC - Performance optimization - Commit 1/1

2026-03-06 10:42:35 UTC - Project progress - Commit 1/1

2026-03-06 14:30:41 UTC - Testing improvements - Commit 1/2

2026-03-06 14:31:59 UTC - Testing improvements - Commit 2/2

2026-03-06 18:36:02 UTC - Code refactoring - Commit 1/1

2026-03-06 22:31:33 UTC - Testing improvements - Commit 1/1

2026-03-07 03:48:59 UTC - Documentation update - Commit 1/2

2026-03-07 03:50:08 UTC - Project progress - Commit 2/2

2026-03-07 06:52:56 UTC - Code maintenance - Commit 1/1

2026-03-07 10:30:27 UTC - Daily activity update - Commit 1/2

2026-03-07 10:31:24 UTC - Code review updates - Commit 2/2

2026-03-07 14:16:29 UTC - Daily activity update - Commit 1/2

2026-03-07 14:17:27 UTC - Code maintenance - Commit 2/2

2026-03-07 18:25:53 UTC - Code review updates - Commit 1/2

2026-03-07 18:27:18 UTC - Project progress - Commit 2/2

2026-03-07 22:26:15 UTC - Bug fixes - Commit 1/1

2026-03-08 03:58:51 UTC - Code refactoring - Commit 1/2

2026-03-08 04:00:07 UTC - Testing improvements - Commit 2/2

2026-03-08 06:54:50 UTC - Bug fixes - Commit 1/1

2026-03-08 10:32:02 UTC - Daily activity update - Commit 1/1

2026-03-08 14:17:41 UTC - Daily activity update - Commit 1/2

2026-03-08 14:18:41 UTC - Code review updates - Commit 2/2

2026-03-08 18:25:58 UTC - Code review updates - Commit 1/1

2026-03-08 22:26:59 UTC - Bug fixes - Commit 1/1

2026-03-09 04:03:52 UTC - Daily activity update - Commit 1/1

2026-03-09 07:11:53 UTC - Testing improvements - Commit 1/2

2026-03-09 07:13:01 UTC - Documentation update - Commit 2/2

2026-03-09 10:52:27 UTC - Code refactoring - Commit 1/2

2026-03-09 10:53:45 UTC - Code review updates - Commit 2/2

2026-03-09 14:42:40 UTC - Performance optimization - Commit 1/2

2026-03-09 14:43:20 UTC - Documentation update - Commit 2/2

2026-03-09 18:43:17 UTC - Code maintenance - Commit 1/2

2026-03-09 18:44:17 UTC - Documentation update - Commit 2/2

2026-03-09 22:31:36 UTC - Project progress - Commit 1/2

2026-03-09 22:32:33 UTC - Code refactoring - Commit 2/2

2026-03-10 03:56:45 UTC - Code refactoring - Commit 1/1

2026-03-10 07:01:29 UTC - Code maintenance - Commit 1/2

2026-03-10 07:02:35 UTC - Bug fixes - Commit 2/2

2026-03-10 10:50:05 UTC - Project progress - Commit 1/2

2026-03-10 10:51:21 UTC - Documentation update - Commit 2/2

2026-03-10 14:41:47 UTC - Code review updates - Commit 1/2

2026-03-10 14:43:16 UTC - Code review updates - Commit 2/2

2026-03-10 18:39:48 UTC - Daily activity update - Commit 1/1

2026-03-10 22:30:57 UTC - Bug fixes - Commit 1/1

2026-03-11 03:57:26 UTC - Documentation update - Commit 1/1

2026-03-11 07:04:27 UTC - Code maintenance - Commit 1/2

2026-03-11 07:05:37 UTC - Bug fixes - Commit 2/2

2026-03-11 10:49:48 UTC - Documentation update - Commit 1/1

2026-03-11 14:40:17 UTC - Code refactoring - Commit 1/2

2026-03-11 14:41:32 UTC - Daily activity update - Commit 2/2

2026-03-11 18:46:07 UTC - Bug fixes - Commit 1/1

2026-03-11 22:29:05 UTC - Performance optimization - Commit 1/1

2026-03-12 04:02:28 UTC - Daily activity update - Commit 1/2

2026-03-12 04:03:22 UTC - Code review updates - Commit 2/2

2026-03-12 07:05:54 UTC - Daily activity update - Commit 1/2

2026-03-12 07:07:07 UTC - Testing improvements - Commit 2/2

2026-03-12 10:49:18 UTC - Code refactoring - Commit 1/2

2026-03-12 10:50:47 UTC - Documentation update - Commit 2/2

2026-03-12 14:41:59 UTC - Bug fixes - Commit 1/1

2026-03-12 18:44:19 UTC - Feature development - Commit 1/1

2026-03-12 22:29:07 UTC - Project progress - Commit 1/2

2026-03-12 22:30:21 UTC - Daily activity update - Commit 2/2

2026-03-13 04:00:21 UTC - Performance optimization - Commit 1/1

2026-03-13 07:04:58 UTC - Daily activity update - Commit 1/2

2026-03-13 07:05:29 UTC - Bug fixes - Commit 2/2

2026-03-13 10:45:38 UTC - Project progress - Commit 1/2

2026-03-13 10:47:07 UTC - Daily activity update - Commit 2/2

2026-03-13 14:37:03 UTC - Feature development - Commit 1/1

2026-03-13 18:33:26 UTC - Code review updates - Commit 1/2

2026-03-13 18:34:46 UTC - Testing improvements - Commit 2/2

2026-03-13 22:30:21 UTC - Documentation update - Commit 1/2

2026-03-13 22:31:32 UTC - Performance optimization - Commit 2/2

2026-03-14 03:58:44 UTC - Code refactoring - Commit 1/1

2026-03-14 06:59:09 UTC - Testing improvements - Commit 1/1

2026-03-14 10:35:04 UTC - Project progress - Commit 1/1

2026-03-14 14:20:16 UTC - Testing improvements - Commit 1/1

2026-03-14 18:29:44 UTC - Code refactoring - Commit 1/1

2026-03-14 22:29:02 UTC - Bug fixes - Commit 1/1

2026-03-15 04:20:45 UTC - Performance optimization - Commit 1/1

2026-03-15 07:08:50 UTC - Documentation update - Commit 1/1

2026-03-15 10:37:47 UTC - Documentation update - Commit 1/2

2026-03-15 10:38:23 UTC - Daily activity update - Commit 2/2

2026-03-15 14:22:41 UTC - Code review updates - Commit 1/1

2026-03-15 18:31:20 UTC - Code maintenance - Commit 1/1

2026-03-15 22:30:51 UTC - Bug fixes - Commit 1/1

2026-03-16 04:27:47 UTC - Code review updates - Commit 1/2

2026-03-16 04:28:45 UTC - Documentation update - Commit 2/2

2026-03-16 07:41:59 UTC - Bug fixes - Commit 1/1

2026-03-16 11:00:12 UTC - Project progress - Commit 1/2

2026-03-16 11:00:43 UTC - Daily activity update - Commit 2/2

2026-03-16 14:53:35 UTC - Code maintenance - Commit 1/1

2026-03-16 18:54:16 UTC - Documentation update - Commit 1/1

2026-03-16 22:36:38 UTC - Bug fixes - Commit 1/2

2026-03-16 22:37:46 UTC - Project progress - Commit 2/2

2026-03-17 04:05:11 UTC - Bug fixes - Commit 1/1

2026-03-17 07:14:21 UTC - Documentation update - Commit 1/1

2026-03-17 10:56:44 UTC - Testing improvements - Commit 1/1

2026-03-17 14:49:13 UTC - Daily activity update - Commit 1/2

2026-03-17 14:50:20 UTC - Code review updates - Commit 2/2

2026-03-17 18:54:16 UTC - Feature development - Commit 1/2

2026-03-17 18:55:30 UTC - Documentation update - Commit 2/2

2026-03-17 22:35:59 UTC - Daily activity update - Commit 1/2

2026-03-17 22:36:41 UTC - Documentation update - Commit 2/2

2026-03-18 04:11:11 UTC - Code maintenance - Commit 1/1

2026-03-18 07:12:24 UTC - Code refactoring - Commit 1/1

2026-03-18 10:57:02 UTC - Daily activity update - Commit 1/2

2026-03-18 10:57:54 UTC - Code refactoring - Commit 2/2

2026-03-18 14:56:27 UTC - Code maintenance - Commit 1/1

2026-03-18 18:51:57 UTC - Daily activity update - Commit 1/2

2026-03-18 18:52:34 UTC - Code refactoring - Commit 2/2

2026-03-18 22:34:28 UTC - Performance optimization - Commit 1/1

2026-03-19 04:09:19 UTC - Bug fixes - Commit 1/2

2026-03-19 04:10:05 UTC - Documentation update - Commit 2/2

2026-03-19 07:07:39 UTC - Code maintenance - Commit 1/2

2026-03-19 07:09:04 UTC - Code refactoring - Commit 2/2

2026-03-19 10:50:21 UTC - Performance optimization - Commit 1/1

2026-03-19 14:41:04 UTC - Project progress - Commit 1/2

2026-03-19 14:42:29 UTC - Feature development - Commit 2/2

2026-03-19 18:49:38 UTC - Code maintenance - Commit 1/2

2026-03-19 18:50:42 UTC - Feature development - Commit 2/2

2026-03-19 22:31:43 UTC - Feature development - Commit 1/1

2026-03-20 04:01:33 UTC - Performance optimization - Commit 1/1

2026-03-20 07:05:14 UTC - Documentation update - Commit 1/1

2026-03-20 10:46:31 UTC - Feature development - Commit 1/2

2026-03-20 10:48:00 UTC - Testing improvements - Commit 2/2

2026-03-20 14:37:53 UTC - Bug fixes - Commit 1/1

2026-03-20 18:39:33 UTC - Code refactoring - Commit 1/1

2026-03-20 22:31:24 UTC - Testing improvements - Commit 1/1

2026-03-21 03:53:01 UTC - Documentation update - Commit 1/1

2026-03-21 06:56:06 UTC - Code maintenance - Commit 1/1

2026-03-21 10:34:23 UTC - Documentation update - Commit 1/2

2026-03-21 10:35:01 UTC - Performance optimization - Commit 2/2

2026-03-21 14:19:05 UTC - Code review updates - Commit 1/2

2026-03-21 14:20:00 UTC - Testing improvements - Commit 2/2

2026-03-21 18:28:21 UTC - Daily activity update - Commit 1/1

2026-03-21 22:28:11 UTC - Project progress - Commit 1/2

2026-03-21 22:29:27 UTC - Code maintenance - Commit 2/2

2026-03-22 04:07:19 UTC - Feature development - Commit 1/2

2026-03-22 04:08:30 UTC - Performance optimization - Commit 2/2

2026-03-22 07:00:20 UTC - Documentation update - Commit 1/2

2026-03-22 07:01:32 UTC - Documentation update - Commit 2/2

2026-03-22 10:34:35 UTC - Code refactoring - Commit 1/1

2026-03-22 14:20:08 UTC - Project progress - Commit 1/2

2026-03-22 14:21:19 UTC - Testing improvements - Commit 2/2

2026-03-22 18:28:55 UTC - Code refactoring - Commit 1/1

2026-03-22 22:28:46 UTC - Code maintenance - Commit 1/1

2026-03-23 04:14:38 UTC - Performance optimization - Commit 1/2

2026-03-23 04:15:21 UTC - Documentation update - Commit 2/2

2026-03-23 07:22:13 UTC - Documentation update - Commit 1/1

2026-03-23 10:58:20 UTC - Feature development - Commit 1/1

2026-03-23 14:49:41 UTC - Documentation update - Commit 1/2

2026-03-23 14:51:02 UTC - Project progress - Commit 2/2

2026-03-23 18:44:21 UTC - Code maintenance - Commit 1/1

2026-03-23 22:35:18 UTC - Code review updates - Commit 1/1

2026-03-24 04:05:54 UTC - Bug fixes - Commit 1/1

2026-03-24 07:14:13 UTC - Performance optimization - Commit 1/2

2026-03-24 07:14:46 UTC - Feature development - Commit 2/2

2026-03-24 10:57:04 UTC - Documentation update - Commit 1/2

2026-03-24 10:57:43 UTC - Code review updates - Commit 2/2

2026-03-24 14:51:23 UTC - Feature development - Commit 1/2

2026-03-24 14:52:12 UTC - Feature development - Commit 2/2

2026-03-24 18:55:04 UTC - Code review updates - Commit 1/2

2026-03-24 18:55:34 UTC - Bug fixes - Commit 2/2

2026-03-24 22:34:37 UTC - Performance optimization - Commit 1/1

2026-03-25 04:07:02 UTC - Testing improvements - Commit 1/2

2026-03-25 04:08:03 UTC - Feature development - Commit 2/2

2026-03-25 07:12:17 UTC - Code refactoring - Commit 1/2

2026-03-25 07:13:16 UTC - Code maintenance - Commit 2/2

2026-03-25 10:55:12 UTC - Bug fixes - Commit 1/2

2026-03-25 10:55:49 UTC - Bug fixes - Commit 2/2

2026-03-25 14:52:53 UTC - Code refactoring - Commit 1/1

2026-03-25 18:49:16 UTC - Code refactoring - Commit 1/1

2026-03-25 22:39:21 UTC - Project progress - Commit 1/1

2026-03-26 04:21:25 UTC - Performance optimization - Commit 1/2

2026-03-26 04:22:16 UTC - Code refactoring - Commit 2/2

2026-03-26 07:20:45 UTC - Performance optimization - Commit 1/1

2026-03-26 10:59:26 UTC - Documentation update - Commit 1/1

2026-03-26 14:56:34 UTC - Feature development - Commit 1/2

2026-03-26 14:57:36 UTC - Daily activity update - Commit 2/2

2026-03-26 18:57:59 UTC - Feature development - Commit 1/2

2026-03-26 18:58:35 UTC - Bug fixes - Commit 2/2

2026-03-26 22:32:36 UTC - Code refactoring - Commit 1/1

2026-03-27 04:22:31 UTC - Daily activity update - Commit 1/1

2026-03-27 07:19:23 UTC - Code review updates - Commit 1/2

2026-03-27 07:20:21 UTC - Code review updates - Commit 2/2

2026-03-27 10:54:54 UTC - Feature development - Commit 1/2

2026-03-27 10:55:42 UTC - Feature development - Commit 2/2

2026-03-27 14:43:30 UTC - Bug fixes - Commit 1/2

2026-03-27 14:44:28 UTC - Code refactoring - Commit 2/2

2026-03-27 18:48:44 UTC - Daily activity update - Commit 1/2

2026-03-27 18:49:44 UTC - Daily activity update - Commit 2/2

2026-03-27 22:34:53 UTC - Code review updates - Commit 1/1

2026-03-28 04:06:42 UTC - Code review updates - Commit 1/1

2026-03-28 07:07:46 UTC - Daily activity update - Commit 1/2

2026-03-28 07:08:24 UTC - Feature development - Commit 2/2

2026-03-28 10:38:28 UTC - Code maintenance - Commit 1/1

2026-03-28 14:24:24 UTC - Code refactoring - Commit 1/1

2026-03-28 18:31:51 UTC - Code refactoring - Commit 1/1

2026-03-28 22:32:08 UTC - Code refactoring - Commit 1/1

2026-03-29 04:26:05 UTC - Performance optimization - Commit 1/2

2026-03-29 04:27:16 UTC - Testing improvements - Commit 2/2

2026-03-29 07:14:36 UTC - Code refactoring - Commit 1/2

2026-03-29 07:15:33 UTC - Daily activity update - Commit 2/2

2026-03-29 10:41:13 UTC - Code maintenance - Commit 1/1

2026-03-29 14:26:34 UTC - Bug fixes - Commit 1/2

2026-03-29 14:27:42 UTC - Feature development - Commit 2/2

2026-03-29 18:33:56 UTC - Project progress - Commit 1/2

2026-03-29 18:35:19 UTC - Feature development - Commit 2/2

2026-03-29 22:34:11 UTC - Code refactoring - Commit 1/1

2026-03-30 04:33:13 UTC - Code refactoring - Commit 1/1

2026-03-30 07:54:23 UTC - Testing improvements - Commit 1/1

2026-03-30 11:08:53 UTC - Daily activity update - Commit 1/2

2026-03-30 11:10:21 UTC - Daily activity update - Commit 2/2

2026-03-30 14:56:17 UTC - Code refactoring - Commit 1/1

2026-03-30 18:52:39 UTC - Code review updates - Commit 1/1

2026-03-30 22:38:50 UTC - Testing improvements - Commit 1/1

2026-03-31 04:24:21 UTC - Code maintenance - Commit 1/1

2026-03-31 07:39:23 UTC - Performance optimization - Commit 1/1

2026-03-31 11:00:31 UTC - Code maintenance - Commit 1/1

2026-03-31 14:54:38 UTC - Feature development - Commit 1/2

2026-03-31 14:55:46 UTC - Code refactoring - Commit 2/2

2026-03-31 18:53:49 UTC - Code maintenance - Commit 1/1

2026-03-31 22:36:20 UTC - Code maintenance - Commit 1/1

2026-04-01 04:36:36 UTC - Daily activity update - Commit 1/1

2026-04-01 07:44:48 UTC - Project progress - Commit 1/2

2026-04-01 07:46:00 UTC - Feature development - Commit 2/2

2026-04-01 11:04:07 UTC - Daily activity update - Commit 1/1

2026-04-01 14:57:07 UTC - Code refactoring - Commit 1/1

2026-04-01 18:53:27 UTC - Feature development - Commit 1/1

2026-04-01 22:39:43 UTC - Daily activity update - Commit 1/1

2026-04-02 04:15:14 UTC - Code review updates - Commit 1/2

2026-04-02 04:16:09 UTC - Daily activity update - Commit 2/2

2026-04-02 07:24:00 UTC - Bug fixes - Commit 1/1

2026-04-02 10:57:58 UTC - Documentation update - Commit 1/1

2026-04-02 14:48:16 UTC - Documentation update - Commit 1/2

2026-04-02 14:49:37 UTC - Code maintenance - Commit 2/2

2026-04-02 18:49:57 UTC - Feature development - Commit 1/1

2026-04-02 22:34:19 UTC - Performance optimization - Commit 1/2

2026-04-02 22:35:39 UTC - Testing improvements - Commit 2/2

2026-04-03 04:16:24 UTC - Daily activity update - Commit 1/2

2026-04-03 04:17:04 UTC - Code review updates - Commit 2/2

2026-04-03 07:20:28 UTC - Code refactoring - Commit 1/2

2026-04-03 07:21:35 UTC - Testing improvements - Commit 2/2

2026-04-03 10:50:48 UTC - Daily activity update - Commit 1/1

2026-04-03 14:36:39 UTC - Bug fixes - Commit 1/2

2026-04-03 14:37:14 UTC - Bug fixes - Commit 2/2

2026-04-03 18:38:52 UTC - Documentation update - Commit 1/1

2026-04-03 22:36:13 UTC - Code review updates - Commit 1/2

2026-04-03 22:37:02 UTC - Feature development - Commit 2/2

2026-04-04 04:04:21 UTC - Testing improvements - Commit 1/2

2026-04-04 04:05:13 UTC - Daily activity update - Commit 2/2

2026-04-04 07:10:20 UTC - Daily activity update - Commit 1/2

2026-04-04 07:11:13 UTC - Performance optimization - Commit 2/2

2026-04-04 10:40:19 UTC - Performance optimization - Commit 1/2

2026-04-04 10:41:45 UTC - Project progress - Commit 2/2

2026-04-04 14:26:29 UTC - Project progress - Commit 1/1

2026-04-04 18:33:25 UTC - Bug fixes - Commit 1/1

2026-04-04 22:32:15 UTC - Project progress - Commit 1/1

2026-04-05 04:25:37 UTC - Testing improvements - Commit 1/2

2026-04-05 04:26:36 UTC - Code refactoring - Commit 2/2

2026-04-05 07:17:45 UTC - Performance optimization - Commit 1/2

2026-04-05 07:18:39 UTC - Bug fixes - Commit 2/2

2026-04-05 10:41:38 UTC - Project progress - Commit 1/2

2026-04-05 10:42:49 UTC - Documentation update - Commit 2/2

2026-04-05 14:28:41 UTC - Code refactoring - Commit 1/2

2026-04-05 14:29:49 UTC - Documentation update - Commit 2/2

2026-04-05 18:35:29 UTC - Testing improvements - Commit 1/2

2026-04-05 18:36:21 UTC - Performance optimization - Commit 2/2

2026-04-05 22:34:11 UTC - Code refactoring - Commit 1/1

2026-04-06 04:32:42 UTC - Bug fixes - Commit 1/1

2026-04-06 07:55:39 UTC - Project progress - Commit 1/2

2026-04-06 07:56:20 UTC - Project progress - Commit 2/2

2026-04-06 11:03:06 UTC - Performance optimization - Commit 1/1

2026-04-06 14:39:59 UTC - Documentation update - Commit 1/2

2026-04-06 14:41:15 UTC - Performance optimization - Commit 2/2

2026-04-06 18:50:11 UTC - Code maintenance - Commit 1/1

2026-04-06 22:39:18 UTC - Project progress - Commit 1/2

2026-04-06 22:40:42 UTC - Performance optimization - Commit 2/2

2026-04-07 04:21:40 UTC - Code maintenance - Commit 1/2

2026-04-07 04:22:23 UTC - Daily activity update - Commit 2/2

2026-04-07 07:42:49 UTC - Feature development - Commit 1/1

2026-04-07 11:03:47 UTC - Daily activity update - Commit 1/1

2026-04-07 14:59:53 UTC - Bug fixes - Commit 1/1

2026-04-07 18:55:59 UTC - Code maintenance - Commit 1/2

2026-04-07 18:56:55 UTC - Code review updates - Commit 2/2

2026-04-07 22:39:48 UTC - Project progress - Commit 1/1

2026-04-08 04:24:59 UTC - Code refactoring - Commit 1/2

2026-04-08 04:26:08 UTC - Code refactoring - Commit 2/2

2026-04-08 07:46:26 UTC - Project progress - Commit 1/2

2026-04-08 07:47:10 UTC - Project progress - Commit 2/2

2026-04-08 11:04:37 UTC - Code refactoring - Commit 1/2

2026-04-08 11:05:39 UTC - Testing improvements - Commit 2/2

2026-04-08 15:01:53 UTC - Code maintenance - Commit 1/2

2026-04-08 15:02:56 UTC - Code review updates - Commit 2/2

2026-04-08 19:08:16 UTC - Documentation update - Commit 1/2

2026-04-08 19:08:48 UTC - Performance optimization - Commit 2/2

2026-04-08 22:41:01 UTC - Documentation update - Commit 1/1

2026-04-09 04:21:27 UTC - Feature development - Commit 1/1

2026-04-09 07:48:59 UTC - Testing improvements - Commit 1/1

2026-04-09 11:05:00 UTC - Code refactoring - Commit 1/2

2026-04-09 11:05:42 UTC - Bug fixes - Commit 2/2

2026-04-09 15:13:56 UTC - Performance optimization - Commit 1/1

2026-04-09 18:56:14 UTC - Bug fixes - Commit 1/2

2026-04-09 18:57:25 UTC - Project progress - Commit 2/2

2026-04-09 22:42:35 UTC - Project progress - Commit 1/2

2026-04-09 22:43:33 UTC - Project progress - Commit 2/2

2026-04-10 04:35:01 UTC - Project progress - Commit 1/2

2026-04-10 04:35:55 UTC - Documentation update - Commit 2/2

2026-04-10 07:52:31 UTC - Code review updates - Commit 1/1

2026-04-10 11:01:55 UTC - Performance optimization - Commit 1/1

2026-04-10 14:42:08 UTC - Daily activity update - Commit 1/1

2026-04-10 18:42:34 UTC - Project progress - Commit 1/2

2026-04-10 18:43:32 UTC - Bug fixes - Commit 2/2

2026-04-10 22:39:52 UTC - Project progress - Commit 1/1

2026-04-11 04:08:17 UTC - Daily activity update - Commit 1/1

2026-04-11 07:11:09 UTC - Testing improvements - Commit 1/1

2026-04-11 10:42:00 UTC - Code refactoring - Commit 1/1

2026-04-11 14:29:28 UTC - Documentation update - Commit 1/2

2026-04-11 14:30:32 UTC - Code review updates - Commit 2/2

2026-04-11 18:35:50 UTC - Feature development - Commit 1/1

2026-04-11 22:34:45 UTC - Bug fixes - Commit 1/2

2026-04-11 22:35:26 UTC - Code review updates - Commit 2/2

2026-04-12 04:35:38 UTC - Feature development - Commit 1/2

2026-04-12 04:37:06 UTC - Daily activity update - Commit 2/2

2026-04-12 07:24:35 UTC - Feature development - Commit 1/2

2026-04-12 07:25:27 UTC - Code refactoring - Commit 2/2

2026-04-12 10:46:43 UTC - Testing improvements - Commit 1/2

2026-04-12 10:47:13 UTC - Project progress - Commit 2/2

2026-04-12 14:34:38 UTC - Performance optimization - Commit 1/2

2026-04-12 14:35:51 UTC - Code refactoring - Commit 2/2

2026-04-12 18:39:05 UTC - Feature development - Commit 1/1

2026-04-12 22:36:58 UTC - Testing improvements - Commit 1/1

2026-04-13 04:47:01 UTC - Code maintenance - Commit 1/2

2026-04-13 04:47:36 UTC - Code maintenance - Commit 2/2

2026-04-13 08:15:39 UTC - Code review updates - Commit 1/1

2026-04-13 11:21:16 UTC - Performance optimization - Commit 1/2

2026-04-13 11:22:15 UTC - Project progress - Commit 2/2

2026-04-13 15:08:51 UTC - Code refactoring - Commit 1/2

2026-04-13 15:10:07 UTC - Bug fixes - Commit 2/2

2026-04-13 19:06:40 UTC - Testing improvements - Commit 1/1

2026-04-13 22:46:36 UTC - Performance optimization - Commit 1/1

2026-04-14 04:34:24 UTC - Daily activity update - Commit 1/2

2026-04-14 04:34:56 UTC - Code maintenance - Commit 2/2

2026-04-14 07:58:13 UTC - Feature development - Commit 1/1

2026-04-14 11:09:23 UTC - Performance optimization - Commit 1/2

2026-04-14 11:09:55 UTC - Code review updates - Commit 2/2

2026-04-14 15:06:47 UTC - Performance optimization - Commit 1/1

2026-04-14 19:04:28 UTC - Bug fixes - Commit 1/2

2026-04-14 19:04:58 UTC - Testing improvements - Commit 2/2

2026-04-14 22:49:49 UTC - Documentation update - Commit 1/2

2026-04-14 22:50:38 UTC - Feature development - Commit 2/2

2026-04-15 04:34:40 UTC - Code review updates - Commit 1/1

2026-04-15 07:59:12 UTC - Code review updates - Commit 1/1

2026-04-15 11:05:43 UTC - Daily activity update - Commit 1/1

2026-04-15 14:59:47 UTC - Project progress - Commit 1/1

2026-04-15 19:07:29 UTC - Code maintenance - Commit 1/1

2026-04-15 22:43:55 UTC - Code refactoring - Commit 1/2

2026-04-15 22:44:40 UTC - Code refactoring - Commit 2/2

2026-04-16 04:40:38 UTC - Performance optimization - Commit 1/1

2026-04-16 07:58:26 UTC - Project progress - Commit 1/1

2026-04-16 11:09:50 UTC - Documentation update - Commit 1/2

2026-04-16 11:10:23 UTC - Testing improvements - Commit 2/2

2026-04-16 15:19:00 UTC - Code review updates - Commit 1/2

2026-04-16 15:19:52 UTC - Documentation update - Commit 2/2

2026-04-16 19:03:50 UTC - Documentation update - Commit 1/2

2026-04-16 19:05:14 UTC - Documentation update - Commit 2/2

2026-04-16 22:42:23 UTC - Testing improvements - Commit 1/2

2026-04-16 22:43:41 UTC - Code maintenance - Commit 2/2

2026-04-17 04:38:06 UTC - Daily activity update - Commit 1/1

2026-04-17 08:00:02 UTC - Daily activity update - Commit 1/1

2026-04-17 11:03:04 UTC - Code review updates - Commit 1/2

2026-04-17 11:04:16 UTC - Bug fixes - Commit 2/2

2026-04-17 14:47:58 UTC - Code refactoring - Commit 1/1

2026-04-17 18:52:11 UTC - Code maintenance - Commit 1/2

2026-04-17 18:53:40 UTC - Testing improvements - Commit 2/2

2026-04-17 22:41:35 UTC - Feature development - Commit 1/2

2026-04-17 22:42:34 UTC - Code refactoring - Commit 2/2

2026-04-18 04:19:57 UTC - Bug fixes - Commit 1/2

2026-04-18 04:21:20 UTC - Testing improvements - Commit 2/2

2026-04-18 07:20:18 UTC - Project progress - Commit 1/2

2026-04-18 07:21:29 UTC - Feature development - Commit 2/2

2026-04-18 10:48:58 UTC - Performance optimization - Commit 1/2

2026-04-18 10:49:49 UTC - Feature development - Commit 2/2

2026-04-18 14:35:13 UTC - Feature development - Commit 1/2

2026-04-18 14:36:42 UTC - Project progress - Commit 2/2

2026-04-18 18:39:01 UTC - Feature development - Commit 1/1

2026-04-18 22:37:49 UTC - Project progress - Commit 1/1

2026-04-19 04:40:24 UTC - Daily activity update - Commit 1/1

2026-04-19 07:40:17 UTC - Code review updates - Commit 1/2

2026-04-19 07:41:11 UTC - Code maintenance - Commit 2/2

2026-04-19 10:48:41 UTC - Performance optimization - Commit 1/1

2026-04-19 14:35:42 UTC - Bug fixes - Commit 1/2

2026-04-19 14:36:32 UTC - Bug fixes - Commit 2/2

2026-04-19 18:39:40 UTC - Testing improvements - Commit 1/2

2026-04-19 18:40:17 UTC - Documentation update - Commit 2/2

2026-04-19 22:38:09 UTC - Performance optimization - Commit 1/2

2026-04-19 22:39:25 UTC - Code refactoring - Commit 2/2

2026-04-20 04:46:46 UTC - Code maintenance - Commit 1/1

2026-04-20 08:21:31 UTC - Feature development - Commit 1/2

2026-04-20 08:22:59 UTC - Bug fixes - Commit 2/2

2026-04-20 11:22:49 UTC - Bug fixes - Commit 1/1

2026-04-20 15:10:26 UTC - Testing improvements - Commit 1/2

2026-04-20 15:11:54 UTC - Feature development - Commit 2/2

2026-04-20 18:56:41 UTC - Code refactoring - Commit 1/1

2026-04-20 22:47:00 UTC - Project progress - Commit 1/2

2026-04-20 22:48:10 UTC - Feature development - Commit 2/2

2026-04-21 04:37:41 UTC - Bug fixes - Commit 1/1

2026-04-21 08:03:55 UTC - Testing improvements - Commit 1/1

2026-04-21 11:14:15 UTC - Project progress - Commit 1/2

2026-04-21 11:15:13 UTC - Daily activity update - Commit 2/2

2026-04-21 15:04:30 UTC - Performance optimization - Commit 1/1

2026-04-21 19:03:42 UTC - Code review updates - Commit 1/1

2026-04-21 22:39:41 UTC - Daily activity update - Commit 1/2

2026-04-21 22:40:12 UTC - Feature development - Commit 2/2

2026-04-22 04:35:10 UTC - Project progress - Commit 1/1

2026-04-22 08:00:19 UTC - Testing improvements - Commit 1/2

2026-04-22 08:00:59 UTC - Code review updates - Commit 2/2

2026-04-22 11:12:35 UTC - Code refactoring - Commit 1/2

2026-04-22 11:13:19 UTC - Bug fixes - Commit 2/2

2026-04-22 15:06:01 UTC - Code review updates - Commit 1/2
